2023-10-07 19:25:23,616 - root - INFO - ('192.168.1.65', 55698) connected
2023-10-07 19:25:23,620 - root - DEBUG - Thread creating...
2023-10-07 19:25:23,622 - root - DEBUG - Thread started...
2023-10-07 19:25:23,624 - root - DEBUG - Command to execute: [1, 1]
2023-10-07 19:25:23,639 - root - DEBUG - Thread ended...
2023-10-07 19:25:23,641 - root - INFO - OUTPUT sended
2023-10-07 19:25:51,021 - root - INFO - ('192.168.1.65', 54182) connected
2023-10-07 19:25:51,024 - root - DEBUG - Thread creating...
2023-10-07 19:25:51,026 - root - DEBUG - Thread started...
2023-10-07 19:25:51,027 - root - DEBUG - Command to execute: [1, 3]
2023-10-07 19:25:51,036 - root - DEBUG - Thread ended...
2023-10-07 19:25:51,040 - root - INFO - OUTPUT sended
2023-10-07 20:53:47,581 - root - INFO - ('192.168.1.65', 41604) connected
2023-10-07 20:53:47,582 - root - DEBUG - Thread creating...
2023-10-07 20:53:47,583 - root - DEBUG - Thread started...
2023-10-07 20:53:47,586 - root - DEBUG - Command to execute: [2, 1]
2023-10-07 20:53:47,586 - root - DEBUG - Thread ended...
2023-10-07 20:53:47,587 - root - INFO - OUTPUT sended
2023-10-07 20:55:23,176 - root - INFO - ('192.168.1.65', 35098) connected
2023-10-07 20:55:23,177 - root - DEBUG - Thread creating...
2023-10-07 20:55:23,177 - root - DEBUG - Thread started...
2023-10-07 20:55:23,177 - root - DEBUG - Command to execute: [2, 1]
2023-10-07 20:55:23,178 - root - DEBUG - Thread ended...
2023-10-07 20:55:23,179 - root - INFO - OUTPUT sended
